[2021-12-20 13:08:10,048] INFO [GroupCoordinator 0]: Member[group.instance.id None, member.id consumer-console-consumer-98889-1-0d59dfbd-dec6-40f3-b99d-4fc176dd0151] in group console-consumer-98889 has left, removing it from the group (kafka.coordinator.group.GroupCoordinator)
[2021-12-20 13:08:10,057] INFO [GroupCoordinator 0]: Preparing to rebalance group console-consumer-98889 in state PreparingRebalance with old generation 1 (__consumer_offsets-3) (reason: removing member consumer-console-consumer-98889-1-0d59dfbd-dec6-40f3-b99d-4fc176dd0151 on LeaveGroup) (kafka.coordinator.group.GroupCoordinator)
[2021-12-20 13:08:10,059] INFO [GroupCoordinator 0]: Group console-consumer-98889 with generation 2 is now empty (__consumer_offsets-3) (kafka.coordinator.group.GroupCoordinator)
[2021-12-20 13:09:30,395] INFO Terminating process due to signal SIGINT (org.apache.kafka.common.utils.LoggingSignalHandler)
[2021-12-20 13:09:30,443] INFO [KafkaServer id=0] shutting down (kafka.server.KafkaServer)
[2021-12-20 13:09:30,452] INFO [KafkaServer id=0] Starting controlled shutdown (kafka.server.KafkaServer)
[2021-12-20 13:09:30,550] INFO [KafkaServer id=0] Controlled shutdown succeeded (kafka.server.KafkaServer)
[2021-12-20 13:09:30,565] INFO [/config/changes-event-process-thread]: Shutting down (kafka.common.ZkNodeChangeNotificationListener$ChangeEventProcessThread)
[2021-12-20 13:09:30,566] INFO [/config/changes-event-process-thread]: Shutdown completed (kafka.common.ZkNodeChangeNotificationListener$ChangeEventProcessThread)
[2021-12-20 13:09:30,566] INFO [/config/changes-event-process-thread]: Stopped (kafka.common.ZkNodeChangeNotificationListener$ChangeEventProcessThread)
[2021-12-20 13:09:30,567] INFO [SocketServer listenerType=ZK_BROKER, nodeId=0] Stopping socket server request processors (kafka.network.SocketServer)
[2021-12-20 13:09:30,583] INFO [SocketServer listenerType=ZK_BROKER, nodeId=0] Stopped socket server request processors (kafka.network.SocketServer)
[2021-12-20 13:09:30,585] INFO [data-plane Kafka Request Handler on Broker 0], shutting down (kafka.server.KafkaRequestHandlerPool)
[2021-12-20 13:09:30,588] INFO [data-plane Kafka Request Handler on Broker 0], shut down completely (kafka.server.KafkaRequestHandlerPool)
[2021-12-20 13:09:30,594] INFO [ExpirationReaper-0-AlterAcls]: Shutting down (kafka.server.DelayedOperationPurgatory$ExpiredOperationReaper)
[2021-12-20 13:09:30,683] INFO [ExpirationReaper-0-AlterAcls]: Shutdown completed (kafka.server.DelayedOperationPurgatory$ExpiredOperationReaper)
[2021-12-20 13:09:30,684] INFO [ExpirationReaper-0-AlterAcls]: Stopped (kafka.server.DelayedOperationPurgatory$ExpiredOperationReaper)
[2021-12-20 13:09:30,686] INFO [KafkaApi-0] Shutdown complete. (kafka.server.KafkaApis)
[2021-12-20 13:09:30,689] INFO [ExpirationReaper-0-topic]: Shutting down (kafka.server.DelayedOperationPurgatory$ExpiredOperationReaper)
[2021-12-20 13:09:30,888] INFO [ExpirationReaper-0-topic]: Shutdown completed (kafka.server.DelayedOperationPurgatory$ExpiredOperationReaper)
[2021-12-20 13:09:30,888] INFO [ExpirationReaper-0-topic]: Stopped (kafka.server.DelayedOperationPurgatory$ExpiredOperationReaper)
[2021-12-20 13:09:30,896] INFO [TransactionCoordinator id=0] Shutting down. (kafka.coordinator.transaction.TransactionCoordinator)
[2021-12-20 13:09:30,900] INFO [ProducerId Manager 0]: Shutdown complete: last producerId assigned 4000 (kafka.coordinator.transaction.ProducerIdManager)
[2021-12-20 13:09:30,900] INFO [Transaction State Manager 0]: Shutdown complete (kafka.coordinator.transaction.TransactionStateManager)
[2021-12-20 13:09:30,900] INFO [Transaction Marker Channel Manager 0]: Shutting down (kafka.coordinator.transaction.TransactionMarkerChannelManager)
[2021-12-20 13:09:30,902] INFO [Transaction Marker Channel Manager 0]: Stopped (kafka.coordinator.transaction.TransactionMarkerChannelManager)
[2021-12-20 13:09:30,902] INFO [Transaction Marker Channel Manager 0]: Shutdown completed (kafka.coordinator.transaction.TransactionMarkerChannelManager)
[2021-12-20 13:09:30,904] INFO [TransactionCoordinator id=0] Shutdown complete. (kafka.coordinator.transaction.TransactionCoordinator)
[2021-12-20 13:09:30,905] INFO [GroupCoordinator 0]: Shutting down. (kafka.coordinator.group.GroupCoordinator)
[2021-12-20 13:09:30,907] INFO [ExpirationReaper-0-Heartbeat]: Shutting down (kafka.server.DelayedOperationPurgatory$ExpiredOperationReaper)
[2021-12-20 13:09:31,052] INFO [ExpirationReaper-0-Heartbeat]: Shutdown completed (kafka.server.DelayedOperationPurgatory$ExpiredOperationReaper)
[2021-12-20 13:09:31,052] INFO [ExpirationReaper-0-Heartbeat]: Stopped (kafka.server.DelayedOperationPurgatory$ExpiredOperationReaper)
[2021-12-20 13:09:31,056] INFO [ExpirationReaper-0-Rebalance]: Shutting down (kafka.server.DelayedOperationPurgatory$ExpiredOperationReaper)
[2021-12-20 13:09:31,171] INFO [ExpirationReaper-0-Rebalance]: Stopped (kafka.server.DelayedOperationPurgatory$ExpiredOperationReaper)
[2021-12-20 13:09:31,171] INFO [ExpirationReaper-0-Rebalance]: Shutdown completed (kafka.server.DelayedOperationPurgatory$ExpiredOperationReaper)
[2021-12-20 13:09:31,174] INFO [GroupCoordinator 0]: Shutdown complete. (kafka.coordinator.group.GroupCoordinator)
[2021-12-20 13:09:31,182] INFO [ReplicaManager broker=0] Shutting down (kafka.server.ReplicaManager)
[2021-12-20 13:09:31,183] INFO [LogDirFailureHandler]: Shutting down (kafka.server.ReplicaManager$LogDirFailureHandler)
[2021-12-20 13:09:31,183] INFO [LogDirFailureHandler]: Stopped (kafka.server.ReplicaManager$LogDirFailureHandler)
[2021-12-20 13:09:31,183] INFO [LogDirFailureHandler]: Shutdown completed (kafka.server.ReplicaManager$LogDirFailureHandler)
[2021-12-20 13:09:31,184] INFO [ReplicaFetcherManager on broker 0] shutting down (kafka.server.ReplicaFetcherManager)
[2021-12-20 13:09:31,188] INFO [ReplicaFetcherManager on broker 0] shutdown completed (kafka.server.ReplicaFetcherManager)
[2021-12-20 13:09:31,189] INFO [ReplicaAlterLogDirsManager on broker 0] shutting down (kafka.server.ReplicaAlterLogDirsManager)
[2021-12-20 13:09:31,190] INFO [ReplicaAlterLogDirsManager on broker 0] shutdown completed (kafka.server.ReplicaAlterLogDirsManager)
[2021-12-20 13:09:31,190] INFO [ExpirationReaper-0-Fetch]: Shutting down (kafka.server.DelayedOperationPurgatory$ExpiredOperationReaper)
[2021-12-20 13:09:31,299] INFO [ExpirationReaper-0-Fetch]: Stopped (kafka.server.DelayedOperationPurgatory$ExpiredOperationReaper)
[2021-12-20 13:09:31,299] INFO [ExpirationReaper-0-Fetch]: Shutdown completed (kafka.server.DelayedOperationPurgatory$ExpiredOperationReaper)
[2021-12-20 13:09:31,301] INFO [ExpirationReaper-0-Produce]: Shutting down (kafka.server.DelayedOperationPurgatory$ExpiredOperationReaper)
[2021-12-20 13:09:31,395] INFO [ExpirationReaper-0-Produce]: Stopped (kafka.server.DelayedOperationPurgatory$ExpiredOperationReaper)
[2021-12-20 13:09:31,396] INFO [ExpirationReaper-0-Produce]: Shutdown completed (kafka.server.DelayedOperationPurgatory$ExpiredOperationReaper)
[2021-12-20 13:09:31,397] INFO [ExpirationReaper-0-DeleteRecords]: Shutting down (kafka.server.DelayedOperationPurgatory$ExpiredOperationReaper)
[2021-12-20 13:09:31,415] INFO [ExpirationReaper-0-DeleteRecords]: Stopped (kafka.server.DelayedOperationPurgatory$ExpiredOperationReaper)
[2021-12-20 13:09:31,415] INFO [ExpirationReaper-0-DeleteRecords]: Shutdown completed (kafka.server.DelayedOperationPurgatory$ExpiredOperationReaper)
[2021-12-20 13:09:31,416] INFO [ExpirationReaper-0-ElectLeader]: Shutting down (kafka.server.DelayedOperationPurgatory$ExpiredOperationReaper)
[2021-12-20 13:09:31,499] INFO [ExpirationReaper-0-ElectLeader]: Stopped (kafka.server.DelayedOperationPurgatory$ExpiredOperationReaper)
[2021-12-20 13:09:31,499] INFO [ExpirationReaper-0-ElectLeader]: Shutdown completed (kafka.server.DelayedOperationPurgatory$ExpiredOperationReaper)
[2021-12-20 13:09:31,516] INFO [ReplicaManager broker=0] Shut down completely (kafka.server.ReplicaManager)
[2021-12-20 13:09:31,517] INFO [broker-0-to-controller-send-thread]: Shutting down (kafka.server.BrokerToControllerRequestThread)
[2021-12-20 13:09:31,517] INFO [broker-0-to-controller-send-thread]: Stopped (kafka.server.BrokerToControllerRequestThread)
[2021-12-20 13:09:31,517] INFO [broker-0-to-controller-send-thread]: Shutdown completed (kafka.server.BrokerToControllerRequestThread)
[2021-12-20 13:09:31,520] INFO Broker to controller channel manager for alterIsrChannel shutdown (kafka.server.BrokerToControllerChannelManagerImpl)
[2021-12-20 13:09:31,522] INFO Shutting down. (kafka.log.LogManager)
[2021-12-20 13:09:31,598] INFO [ProducerStateManager partition=__consumer_offsets-26] Writing producer snapshot at offset 3 (kafka.log.ProducerStateManager)
[2021-12-20 13:09:31,605] INFO [ProducerStateManager partition=__consumer_offsets-41] Writing producer snapshot at offset 6 (kafka.log.ProducerStateManager)
[2021-12-20 13:09:31,606] INFO [ProducerStateManager partition=__consumer_offsets-8] Writing producer snapshot at offset 14 (kafka.log.ProducerStateManager)
[2021-12-20 13:09:31,606] INFO [ProducerStateManager partition=open-0] Writing producer snapshot at offset 16 (kafka.log.ProducerStateManager)
[2021-12-20 13:09:31,607] INFO [ProducerStateManager partition=__consumer_offsets-49] Writing producer snapshot at offset 3 (kafka.log.ProducerStateManager)
[2021-12-20 13:09:31,609] INFO [ProducerStateManager partition=__consumer_offsets-3] Writing producer snapshot at offset 2 (kafka.log.ProducerStateManager)
[2021-12-20 13:09:31,610] INFO [ProducerStateManager partition=__consumer_offsets-40] Writing producer snapshot at offset 3 (kafka.log.ProducerStateManager)
[2021-12-20 13:09:31,611] INFO [ProducerStateManager partition=__consumer_offsets-17] Writing producer snapshot at offset 3 (kafka.log.ProducerStateManager)
[2021-12-20 13:09:31,611] INFO [ProducerStateManager partition=__consumer_offsets-32] Writing producer snapshot at offset 3 (kafka.log.ProducerStateManager)
[2021-12-20 13:09:31,611] INFO [ProducerStateManager partition=__consumer_offsets-39] Writing producer snapshot at offset 3 (kafka.log.ProducerStateManager)
[2021-12-20 13:09:31,612] INFO [ProducerStateManager partition=__consumer_offsets-10] Writing producer snapshot at offset 3 (kafka.log.ProducerStateManager)
[2021-12-20 13:09:31,613] INFO [ProducerStateManager partition=__consumer_offsets-11] Writing producer snapshot at offset 9 (kafka.log.ProducerStateManager)
[2021-12-20 13:09:31,615] INFO [ProducerStateManager partition=__consumer_offsets-5] Writing producer snapshot at offset 3 (kafka.log.ProducerStateManager)
[2021-12-20 13:09:31,617] INFO [ProducerStateManager partition=__consumer_offsets-14] Writing producer snapshot at offset 3 (kafka.log.ProducerStateManager)
[2021-12-20 13:09:31,625] INFO Shutdown complete. (kafka.log.LogManager)
[2021-12-20 13:09:31,642] INFO [feature-zk-node-event-process-thread]: Shutting down (kafka.server.FinalizedFeatureChangeListener$ChangeNotificationProcessorThread)
[2021-12-20 13:09:31,642] INFO [feature-zk-node-event-process-thread]: Stopped (kafka.server.FinalizedFeatureChangeListener$ChangeNotificationProcessorThread)
[2021-12-20 13:09:31,642] INFO [feature-zk-node-event-process-thread]: Shutdown completed (kafka.server.FinalizedFeatureChangeListener$ChangeNotificationProcessorThread)
[2021-12-20 13:09:31,643] INFO [ZooKeeperClient Kafka server] Closing. (kafka.zookeeper.ZooKeeperClient)
[2021-12-20 13:09:31,766] INFO Session: 0x100007d200f0000 closed (org.apache.zookeeper.ZooKeeper)
[2021-12-20 13:09:31,766] INFO EventThread shut down for session: 0x100007d200f0000 (org.apache.zookeeper.ClientCnxn)
[2021-12-20 13:09:31,769] INFO [ZooKeeperClient Kafka server] Closed. (kafka.zookeeper.ZooKeeperClient)
[2021-12-20 13:09:31,770] INFO [ThrottledChannelReaper-Fetch]: Shutting down (kafka.server.ClientQuotaManager$ThrottledChannelReaper)
[2021-12-20 13:09:31,782] INFO [ThrottledChannelReaper-Fetch]: Stopped (kafka.server.ClientQuotaManager$ThrottledChannelReaper)
[2021-12-20 13:09:31,782] INFO [ThrottledChannelReaper-Fetch]: Shutdown completed (kafka.server.ClientQuotaManager$ThrottledChannelReaper)
[2021-12-20 13:09:31,782] INFO [ThrottledChannelReaper-Produce]: Shutting down (kafka.server.ClientQuotaManager$ThrottledChannelReaper)
[2021-12-20 13:09:32,774] INFO [ThrottledChannelReaper-Produce]: Stopped (kafka.server.ClientQuotaManager$ThrottledChannelReaper)
[2021-12-20 13:09:32,775] INFO [ThrottledChannelReaper-Produce]: Shutdown completed (kafka.server.ClientQuotaManager$ThrottledChannelReaper)
[2021-12-20 13:09:32,775] INFO [ThrottledChannelReaper-Request]: Shutting down (kafka.server.ClientQuotaManager$ThrottledChannelReaper)
[2021-12-20 13:09:32,782] INFO [ThrottledChannelReaper-Request]: Stopped (kafka.server.ClientQuotaManager$ThrottledChannelReaper)
[2021-12-20 13:09:32,782] INFO [ThrottledChannelReaper-Request]: Shutdown completed (kafka.server.ClientQuotaManager$ThrottledChannelReaper)
[2021-12-20 13:09:32,782] INFO [ThrottledChannelReaper-ControllerMutation]: Shutting down (kafka.server.ClientQuotaManager$ThrottledChannelReaper)
[2021-12-20 13:09:33,788] INFO [ThrottledChannelReaper-ControllerMutation]: Stopped (kafka.server.ClientQuotaManager$ThrottledChannelReaper)
[2021-12-20 13:09:33,788] INFO [ThrottledChannelReaper-ControllerMutation]: Shutdown completed (kafka.server.ClientQuotaManager$ThrottledChannelReaper)
[2021-12-20 13:09:33,796] INFO [SocketServer listenerType=ZK_BROKER, nodeId=0] Shutting down socket server (kafka.network.SocketServer)
[2021-12-20 13:09:33,863] INFO [SocketServer listenerType=ZK_BROKER, nodeId=0] Shutdown completed (kafka.network.SocketServer)
[2021-12-20 13:09:33,865] INFO Metrics scheduler closed (org.apache.kafka.common.metrics.Metrics)
[2021-12-20 13:09:33,865] INFO Closing reporter org.apache.kafka.common.metrics.JmxReporter (org.apache.kafka.common.metrics.Metrics)
[2021-12-20 13:09:33,865] INFO Metrics reporters closed (org.apache.kafka.common.metrics.Metrics)
[2021-12-20 13:09:33,875] INFO Broker and topic stats closed (kafka.server.BrokerTopicStats)
[2021-12-20 13:09:33,877] INFO App info kafka.server for 0 unregistered (org.apache.kafka.common.utils.AppInfoParser)
[2021-12-20 13:09:33,878] INFO [KafkaServer id=0] shut down completed (kafka.server.KafkaServer)
